# JRE version: OpenJDK Runtime Environment Temurin-17.0.4.1+1 (17.0.4.1+1) (build 17.0.4.1+1)
# Java VM: OpenJDK 64-Bit Server VM Temurin-17.0.4.1+1 (17.0.4.1+1, mixed mode, sharing, tiered, compressed oops, compressed class ptrs, g1 gc, windows-amd64)
GC Precious Log:
 CPUs: 12 total, 12 available
 Memory: 7796M
 Large Page Support: Disabled
 NUMA Support: Disabled
 Compressed Oops: Enabled (32-bit)
 Heap Region Size: 1M
 Heap Min Capacity: 8M
 Heap Initial Capacity: 122M
 Heap Max Capacity: 1950M
 Pre-touch: Disabled
 Parallel Workers: 10
 Concurrent Workers: 3
 Concurrent Refinement Workers: 10
 Periodic GC: Disabled
Heap:
 garbage-first heap   total 533504K, used 525081K [0x0000000086200000, 0x0000000100000000)
  region size 1024K, 3 young (3072K), 1 survivors (1024K)
 Metaspace       used 11841K, committed 12096K, reserved 1064960K
  class space    used 1094K, committed 1216K, reserved 1048576K
GC Heap History (20 events):
Event: 506.314 GC heap before
{Heap before GC invocations=741 (full 29):
 garbage-first heap   total 338944K, used 109335K [0x0000000086200000, 0x0000000100000000)
  region size 1024K, 2 young (2048K), 1 survivors (1024K)
 Metaspace       used 11839K, committed 12096K, reserved 1064960K
  class space    used 1094K, committed 1216K, reserved 1048576K
}
Event: 506.315 GC heap after
{Heap after GC invocations=742 (full 29):
 garbage-first heap   total 338944K, used 37655K [0x0000000086200000, 0x0000000100000000)
  region size 1024K, 1 young (1024K), 1 survivors (1024K)
 Metaspace       used 11839K, committed 12096K, reserved 1064960K
  class space    used 1094K, committed 1216K, reserved 1048576K
}
Event: 506.907 GC heap before
{Heap before GC invocations=742 (full 29):
 garbage-first heap   total 338944K, used 109335K [0x0000000086200000, 0x0000000100000000)
  region size 1024K, 2 young (2048K), 1 survivors (1024K)
 Metaspace       used 11839K, committed 12096K, reserved 1064960K
  class space    used 1094K, committed 1216K, reserved 1048576K
}
Event: 506.910 GC heap after
{Heap after GC invocations=743 (full 29):
 garbage-first heap   total 338944K, used 37655K [0x0000000086200000, 0x0000000100000000)
  region size 1024K, 1 young (1024K), 1 survivors (1024K)
 Metaspace       used 11839K, committed 12096K, reserved 1064960K
  class space    used 1094K, committed 1216K, reserved 1048576K
}
Event: 507.498 GC heap before
{Heap before GC invocations=743 (full 29):
 garbage-first heap   total 338944K, used 111383K [0x0000000086200000, 0x0000000100000000)
  region size 1024K, 2 young (2048K), 1 survivors (1024K)
 Metaspace       used 11839K, committed 12096K, reserved 1064960K
  class space    used 1094K, committed 1216K, reserved 1048576K
}
Event: 507.500 GC heap after
{Heap after GC invocations=744 (full 29):
 garbage-first heap   total 338944K, used 37657K [0x0000000086200000, 0x0000000100000000)
  region size 1024K, 1 young (1024K), 1 survivors (1024K)
 Metaspace       used 11839K, committed 12096K, reserved 1064960K
  class space    used 1094K, committed 1216K, reserved 1048576K
}
Event: 508.106 GC heap before
{Heap before GC invocations=744 (full 29):
 garbage-first heap   total 338944K, used 111385K [0x0000000086200000, 0x0000000100000000)
  region size 1024K, 2 young (2048K), 1 survivors (1024K)
 Metaspace       used 11839K, committed 12096K, reserved 1064960K
  class space    used 1094K, committed 1216K, reserved 1048576K
}
Event: 508.107 GC heap after
{Heap after GC invocations=745 (full 29):
 garbage-first heap   total 338944K, used 37655K [0x0000000086200000, 0x0000000100000000)
  region size 1024K, 1 young (1024K), 1 survivors (1024K)
 Metaspace       used 11839K, committed 12096K, reserved 1064960K
  class space    used 1094K, committed 1216K, reserved 1048576K
}
Event: 508.699 GC heap before
{Heap before GC invocations=745 (full 29):
 garbage-first heap   total 338944K, used 111383K [0x0000000086200000, 0x0000000100000000)
  region size 1024K, 2 young (2048K), 1 survivors (1024K)
 Metaspace       used 11839K, committed 12096K, reserved 1064960K
  class space    used 1094K, committed 1216K, reserved 1048576K
}
Event: 508.700 GC heap after
{Heap after GC invocations=746 (full 29):
 garbage-first heap   total 338944K, used 37657K [0x0000000086200000, 0x0000000100000000)
  region size 1024K, 1 young (1024K), 1 survivors (1024K)
 Metaspace       used 11839K, committed 12096K, reserved 1064960K
  class space    used 1094K, committed 1216K, reserved 1048576K
}
Event: 509.307 GC heap before
{Heap before GC invocations=746 (full 29):
 garbage-first heap   total 338944K, used 111385K [0x0000000086200000, 0x0000000100000000)
  region size 1024K, 2 young (2048K), 1 survivors (1024K)
 Metaspace       used 11839K, committed 12096K, reserved 1064960K
  class space    used 1094K, committed 1216K, reserved 1048576K
}
Event: 509.308 GC heap after
{Heap after GC invocations=747 (full 29):
 garbage-first heap   total 338944K, used 37655K [0x0000000086200000, 0x0000000100000000)
  region size 1024K, 1 young (1024K), 1 survivors (1024K)
 Metaspace       used 11839K, committed 12096K, reserved 1064960K
  class space    used 1094K, committed 1216K, reserved 1048576K
}
Event: 509.898 GC heap before
{Heap before GC invocations=747 (full 29):
 garbage-first heap   total 338944K, used 111383K [0x0000000086200000, 0x0000000100000000)
  region size 1024K, 2 young (2048K), 1 survivors (1024K)
 Metaspace       used 11839K, committed 12096K, reserved 1064960K
  class space    used 1094K, committed 1216K, reserved 1048576K
}
Event: 509.899 GC heap after
{Heap after GC invocations=748 (full 29):
 garbage-first heap   total 338944K, used 37657K [0x0000000086200000, 0x0000000100000000)
  region size 1024K, 1 young (1024K), 1 survivors (1024K)
 Metaspace       used 11839K, committed 12096K, reserved 1064960K
  class space    used 1094K, committed 1216K, reserved 1048576K
}
Event: 510.507 GC heap before
{Heap before GC invocations=748 (full 29):
 garbage-first heap   total 338944K, used 112409K [0x0000000086200000, 0x0000000100000000)
  region size 1024K, 3 young (3072K), 1 survivors (1024K)
 Metaspace       used 11839K, committed 12096K, reserved 1064960K
  class space    used 1094K, committed 1216K, reserved 1048576K
}
Event: 510.508 GC heap after
{Heap after GC invocations=749 (full 29):
 garbage-first heap   total 338944K, used 37655K [0x0000000086200000, 0x0000000100000000)
  region size 1024K, 1 young (1024K), 1 survivors (1024K)
 Metaspace       used 11839K, committed 12096K, reserved 1064960K
  class space    used 1094K, committed 1216K, reserved 1048576K
}
Event: 511.099 GC heap before
{Heap before GC invocations=749 (full 29):
 garbage-first heap   total 338944K, used 111383K [0x0000000086200000, 0x0000000100000000)
  region size 1024K, 2 young (2048K), 1 survivors (1024K)
 Metaspace       used 11839K, committed 12096K, reserved 1064960K
  class space    used 1094K, committed 1216K, reserved 1048576K
}
Event: 511.100 GC heap after
{Heap after GC invocations=750 (full 29):
 garbage-first heap   total 338944K, used 37655K [0x0000000086200000, 0x0000000100000000)
  region size 1024K, 1 young (1024K), 1 survivors (1024K)
 Metaspace       used 11839K, committed 12096K, reserved 1064960K
  class space    used 1094K, committed 1216K, reserved 1048576K
}
Event: 511.723 GC heap before
{Heap before GC invocations=750 (full 29):
 garbage-first heap   total 338944K, used 112407K [0x0000000086200000, 0x0000000100000000)
  region size 1024K, 3 young (3072K), 1 survivors (1024K)
 Metaspace       used 11839K, committed 12096K, reserved 1064960K
  class space    used 1094K, committed 1216K, reserved 1048576K
}
Event: 511.724 GC heap after
{Heap after GC invocations=751 (full 29):
 garbage-first heap   total 338944K, used 37657K [0x0000000086200000, 0x0000000100000000)
  region size 1024K, 1 young (1024K), 1 survivors (1024K)
 Metaspace       used 11839K, committed 12096K, reserved 1064960K
  class space    used 1094K, committed 1216K, reserved 1048576K
}

