# JRE version: OpenJDK Runtime Environment Temurin-17.0.4.1+1 (17.0.4.1+1) (build 17.0.4.1+1)
# Java VM: OpenJDK 64-Bit Server VM Temurin-17.0.4.1+1 (17.0.4.1+1, mixed mode, sharing, tiered, compressed oops, compressed class ptrs, g1 gc, windows-amd64)
GC Precious Log:
 CPUs: 12 total, 12 available
 Memory: 7796M
 Large Page Support: Disabled
 NUMA Support: Disabled
 Compressed Oops: Enabled (32-bit)
 Heap Region Size: 1M
 Heap Min Capacity: 8M
 Heap Initial Capacity: 122M
 Heap Max Capacity: 1950M
 Pre-touch: Disabled
 Parallel Workers: 10
 Concurrent Workers: 3
 Concurrent Refinement Workers: 10
 Periodic GC: Disabled
Heap:
 garbage-first heap   total 190464K, used 69426K [0x0000000086200000, 0x0000000100000000)
  region size 1024K, 5 young (5120K), 5 survivors (5120K)
 Metaspace       used 34864K, committed 35264K, reserved 1081344K
  class space    used 5013K, committed 5184K, reserved 1048576K
GC Heap History (20 events):
Event: 2.084 GC heap after
{Heap after GC invocations=12 (full 0):
 garbage-first heap   total 61440K, used 34915K [0x0000000086200000, 0x0000000100000000)
  region size 1024K, 2 young (2048K), 2 survivors (2048K)
 Metaspace       used 33499K, committed 33856K, reserved 1081344K
  class space    used 4864K, committed 4992K, reserved 1048576K
}
Event: 2.100 GC heap before
{Heap before GC invocations=12 (full 0):
 garbage-first heap   total 61440K, used 48227K [0x0000000086200000, 0x0000000100000000)
  region size 1024K, 16 young (16384K), 2 survivors (2048K)
 Metaspace       used 33577K, committed 33920K, reserved 1081344K
  class space    used 4872K, committed 4992K, reserved 1048576K
}
Event: 2.102 GC heap after
{Heap after GC invocations=13 (full 0):
 garbage-first heap   total 122880K, used 35248K [0x0000000086200000, 0x0000000100000000)
  region size 1024K, 2 young (2048K), 2 survivors (2048K)
 Metaspace       used 33577K, committed 33920K, reserved 1081344K
  class space    used 4872K, committed 4992K, reserved 1048576K
}
Event: 2.170 GC heap before
{Heap before GC invocations=14 (full 0):
 garbage-first heap   total 122880K, used 89520K [0x0000000086200000, 0x0000000100000000)
  region size 1024K, 56 young (57344K), 2 survivors (2048K)
 Metaspace       used 33652K, committed 33984K, reserved 1081344K
  class space    used 4884K, committed 4992K, reserved 1048576K
}
Event: 2.172 GC heap after
{Heap after GC invocations=15 (full 0):
 garbage-first heap   total 122880K, used 36728K [0x0000000086200000, 0x0000000100000000)
  region size 1024K, 3 young (3072K), 3 survivors (3072K)
 Metaspace       used 33652K, committed 33984K, reserved 1081344K
  class space    used 4884K, committed 4992K, reserved 1048576K
}
Event: 2.229 GC heap before
{Heap before GC invocations=15 (full 0):
 garbage-first heap   total 122880K, used 96120K [0x0000000086200000, 0x0000000100000000)
  region size 1024K, 62 young (63488K), 3 survivors (3072K)
 Metaspace       used 33653K, committed 33984K, reserved 1081344K
  class space    used 4884K, committed 4992K, reserved 1048576K
}
Event: 2.231 GC heap after
{Heap after GC invocations=16 (full 0):
 garbage-first heap   total 122880K, used 38735K [0x0000000086200000, 0x0000000100000000)
  region size 1024K, 5 young (5120K), 5 survivors (5120K)
 Metaspace       used 33653K, committed 33984K, reserved 1081344K
  class space    used 4884K, committed 4992K, reserved 1048576K
}
Event: 2.271 GC heap before
{Heap before GC invocations=16 (full 0):
 garbage-first heap   total 122880K, used 98127K [0x0000000086200000, 0x0000000100000000)
  region size 1024K, 64 young (65536K), 5 survivors (5120K)
 Metaspace       used 33654K, committed 33984K, reserved 1081344K
  class space    used 4884K, committed 4992K, reserved 1048576K
}
Event: 2.273 GC heap after
{Heap after GC invocations=17 (full 0):
 garbage-first heap   total 122880K, used 40433K [0x0000000086200000, 0x0000000100000000)
  region size 1024K, 6 young (6144K), 6 survivors (6144K)
 Metaspace       used 33654K, committed 33984K, reserved 1081344K
  class space    used 4884K, committed 4992K, reserved 1048576K
}
Event: 2.319 GC heap before
{Heap before GC invocations=17 (full 0):
 garbage-first heap   total 122880K, used 99825K [0x0000000086200000, 0x0000000100000000)
  region size 1024K, 65 young (66560K), 6 survivors (6144K)
 Metaspace       used 33720K, committed 33984K, reserved 1081344K
  class space    used 4892K, committed 4992K, reserved 1048576K
}
Event: 2.323 GC heap after
{Heap after GC invocations=18 (full 0):
 garbage-first heap   total 122880K, used 42349K [0x0000000086200000, 0x0000000100000000)
  region size 1024K, 6 young (6144K), 6 survivors (6144K)
 Metaspace       used 33720K, committed 33984K, reserved 1081344K
  class space    used 4892K, committed 4992K, reserved 1048576K
}
Event: 2.368 GC heap before
{Heap before GC invocations=18 (full 0):
 garbage-first heap   total 122880K, used 100717K [0x0000000086200000, 0x0000000100000000)
  region size 1024K, 64 young (65536K), 6 survivors (6144K)
 Metaspace       used 33720K, committed 33984K, reserved 1081344K
  class space    used 4892K, committed 4992K, reserved 1048576K
}
Event: 2.372 GC heap after
{Heap after GC invocations=19 (full 0):
 garbage-first heap   total 190464K, used 44489K [0x0000000086200000, 0x0000000100000000)
  region size 1024K, 6 young (6144K), 6 survivors (6144K)
 Metaspace       used 33720K, committed 33984K, reserved 1081344K
  class space    used 4892K, committed 4992K, reserved 1048576K
}
Event: 2.533 GC heap before
{Heap before GC invocations=19 (full 0):
 garbage-first heap   total 190464K, used 150985K [0x0000000086200000, 0x0000000100000000)
  region size 1024K, 111 young (113664K), 6 survivors (6144K)
 Metaspace       used 34269K, committed 34624K, reserved 1081344K
  class space    used 4959K, committed 5120K, reserved 1048576K
}
Event: 2.541 GC heap after
{Heap after GC invocations=20 (full 0):
 garbage-first heap   total 190464K, used 46943K [0x0000000086200000, 0x0000000100000000)
  region size 1024K, 9 young (9216K), 9 survivors (9216K)
 Metaspace       used 34269K, committed 34624K, reserved 1081344K
  class space    used 4959K, committed 5120K, reserved 1048576K
}
Event: 2.769 GC heap before
{Heap before GC invocations=20 (full 0):
 garbage-first heap   total 190464K, used 150367K [0x0000000086200000, 0x0000000100000000)
  region size 1024K, 111 young (113664K), 9 survivors (9216K)
 Metaspace       used 34843K, committed 35200K, reserved 1081344K
  class space    used 5013K, committed 5184K, reserved 1048576K
}
Event: 2.784 GC heap after
{Heap after GC invocations=21 (full 0):
 garbage-first heap   total 190464K, used 63641K [0x0000000086200000, 0x0000000100000000)
  region size 1024K, 14 young (14336K), 14 survivors (14336K)
 Metaspace       used 34843K, committed 35200K, reserved 1081344K
  class space    used 5013K, committed 5184K, reserved 1048576K
}
Event: 2.804 GC heap before
{Heap before GC invocations=21 (full 0):
 garbage-first heap   total 190464K, used 145561K [0x0000000086200000, 0x0000000100000000)
  region size 1024K, 95 young (97280K), 14 survivors (14336K)
 Metaspace       used 34862K, committed 35200K, reserved 1081344K
  class space    used 5013K, committed 5184K, reserved 1048576K
}
Event: 2.813 GC heap after
{Heap after GC invocations=22 (full 0):
 garbage-first heap   total 190464K, used 68895K [0x0000000086200000, 0x0000000100000000)
  region size 1024K, 5 young (5120K), 5 survivors (5120K)
 Metaspace       used 34862K, committed 35200K, reserved 1081344K
  class space    used 5013K, committed 5184K, reserved 1048576K
}
Event: 2.835 GC heap before
{Heap before GC invocations=22 (full 0):
 garbage-first heap   total 190464K, used 148767K [0x0000000086200000, 0x0000000100000000)
  region size 1024K, 84 young (86016K), 5 survivors (5120K)
 Metaspace       used 34864K, committed 35264K, reserved 1081344K
  class space    used 5013K, committed 5184K, reserved 1048576K
}

