# JRE version: OpenJDK Runtime Environment Temurin-17.0.4.1+1 (17.0.4.1+1) (build 17.0.4.1+1)
# Java VM: OpenJDK 64-Bit Server VM Temurin-17.0.4.1+1 (17.0.4.1+1, mixed mode, sharing, tiered, compressed oops, compressed class ptrs, g1 gc, windows-amd64)
GC Precious Log:
 CPUs: 12 total, 12 available
 Memory: 7796M
 Large Page Support: Disabled
 NUMA Support: Disabled
 Compressed Oops: Enabled (32-bit)
 Heap Region Size: 1M
 Heap Min Capacity: 8M
 Heap Initial Capacity: 122M
 Heap Max Capacity: 1950M
 Pre-touch: Disabled
 Parallel Workers: 10
 Concurrent Workers: 3
 Concurrent Refinement Workers: 10
 Periodic GC: Disabled
Heap:
 garbage-first heap   total 89088K, used 37105K [0x0000000086200000, 0x0000000100000000)
  region size 1024K, 3 young (3072K), 2 survivors (2048K)
 Metaspace       used 11896K, committed 12096K, reserved 1064960K
  class space    used 1123K, committed 1216K, reserved 1048576K
GC Heap History (20 events):
Event: 1560.401 GC heap before
{Heap before GC invocations=162 (full 55):
 garbage-first heap   total 172032K, used 87870K [0x0000000086200000, 0x0000000100000000)
  region size 1024K, 13 young (13312K), 1 survivors (1024K)
 Metaspace       used 11774K, committed 11968K, reserved 1064960K
  class space    used 1110K, committed 1216K, reserved 1048576K
}
Event: 1560.403 GC heap after
{Heap after GC invocations=163 (full 55):
 garbage-first heap   total 172032K, used 27364K [0x0000000086200000, 0x0000000100000000)
  region size 1024K, 1 young (1024K), 1 survivors (1024K)
 Metaspace       used 11774K, committed 11968K, reserved 1064960K
  class space    used 1110K, committed 1216K, reserved 1048576K
}
Event: 1560.801 GC heap before
{Heap before GC invocations=163 (full 55):
 garbage-first heap   total 172032K, used 77540K [0x0000000086200000, 0x0000000100000000)
  region size 1024K, 3 young (3072K), 1 survivors (1024K)
 Metaspace       used 11789K, committed 12032K, reserved 1064960K
  class space    used 1110K, committed 1216K, reserved 1048576K
}
Event: 1560.802 GC heap after
{Heap after GC invocations=164 (full 55):
 garbage-first heap   total 172032K, used 26393K [0x0000000086200000, 0x0000000100000000)
  region size 1024K, 1 young (1024K), 1 survivors (1024K)
 Metaspace       used 11789K, committed 12032K, reserved 1064960K
  class space    used 1110K, committed 1216K, reserved 1048576K
}
Event: 1561.217 GC heap before
{Heap before GC invocations=164 (full 55):
 garbage-first heap   total 172032K, used 78617K [0x0000000086200000, 0x0000000100000000)
  region size 1024K, 3 young (3072K), 1 survivors (1024K)
 Metaspace       used 11789K, committed 12032K, reserved 1064960K
  class space    used 1110K, committed 1216K, reserved 1048576K
}
Event: 1561.220 GC heap after
{Heap after GC invocations=165 (full 55):
 garbage-first heap   total 172032K, used 26353K [0x0000000086200000, 0x0000000100000000)
  region size 1024K, 1 young (1024K), 1 survivors (1024K)
 Metaspace       used 11789K, committed 12032K, reserved 1064960K
  class space    used 1110K, committed 1216K, reserved 1048576K
}
Event: 1561.617 GC heap before
{Heap before GC invocations=165 (full 55):
 garbage-first heap   total 172032K, used 81649K [0x0000000086200000, 0x0000000100000000)
  region size 1024K, 7 young (7168K), 1 survivors (1024K)
 Metaspace       used 11795K, committed 12032K, reserved 1064960K
  class space    used 1110K, committed 1216K, reserved 1048576K
}
Event: 1561.619 GC heap after
{Heap after GC invocations=166 (full 55):
 garbage-first heap   total 172032K, used 27447K [0x0000000086200000, 0x0000000100000000)
  region size 1024K, 1 young (1024K), 1 survivors (1024K)
 Metaspace       used 11795K, committed 12032K, reserved 1064960K
  class space    used 1110K, committed 1216K, reserved 1048576K
}
Event: 1562.018 GC heap before
{Heap before GC invocations=166 (full 55):
 garbage-first heap   total 172032K, used 76599K [0x0000000086200000, 0x0000000100000000)
  region size 1024K, 2 young (2048K), 1 survivors (1024K)
 Metaspace       used 11795K, committed 12032K, reserved 1064960K
  class space    used 1110K, committed 1216K, reserved 1048576K
}
Event: 1562.019 GC heap after
{Heap after GC invocations=167 (full 55):
 garbage-first heap   total 172032K, used 26402K [0x0000000086200000, 0x0000000100000000)
  region size 1024K, 1 young (1024K), 1 survivors (1024K)
 Metaspace       used 11795K, committed 12032K, reserved 1064960K
  class space    used 1110K, committed 1216K, reserved 1048576K
}
Event: 1562.434 GC heap before
{Heap before GC invocations=167 (full 55):
 garbage-first heap   total 172032K, used 78626K [0x0000000086200000, 0x0000000100000000)
  region size 1024K, 3 young (3072K), 1 survivors (1024K)
 Metaspace       used 11799K, committed 12032K, reserved 1064960K
  class space    used 1110K, committed 1216K, reserved 1048576K
}
Event: 1562.435 GC heap after
{Heap after GC invocations=168 (full 55):
 garbage-first heap   total 172032K, used 26361K [0x0000000086200000, 0x0000000100000000)
  region size 1024K, 1 young (1024K), 1 survivors (1024K)
 Metaspace       used 11799K, committed 12032K, reserved 1064960K
  class space    used 1110K, committed 1216K, reserved 1048576K
}
Event: 1562.725 GC heap before
{Heap before GC invocations=168 (full 55):
 garbage-first heap   total 172032K, used 62201K [0x0000000086200000, 0x0000000100000000)
  region size 1024K, 3 young (3072K), 1 survivors (1024K)
 Metaspace       used 11799K, committed 12032K, reserved 1064960K
  class space    used 1110K, committed 1216K, reserved 1048576K
}
Event: 1562.734 GC heap after
{Heap after GC invocations=169 (full 56):
 garbage-first heap   total 89088K, used 24553K [0x0000000086200000, 0x0000000100000000)
  region size 1024K, 0 young (0K), 0 survivors (0K)
 Metaspace       used 11799K, committed 12032K, reserved 1064960K
  class space    used 1110K, committed 1216K, reserved 1048576K
}
Event: 1658.386 GC heap before
{Heap before GC invocations=169 (full 56):
 garbage-first heap   total 89088K, used 28649K [0x0000000086200000, 0x0000000100000000)
  region size 1024K, 3 young (3072K), 0 survivors (0K)
 Metaspace       used 11799K, committed 12032K, reserved 1064960K
  class space    used 1110K, committed 1216K, reserved 1048576K
}
Event: 1658.394 GC heap after
{Heap after GC invocations=170 (full 57):
 garbage-first heap   total 89088K, used 24551K [0x0000000086200000, 0x0000000100000000)
  region size 1024K, 0 young (0K), 0 survivors (0K)
 Metaspace       used 11799K, committed 12032K, reserved 1064960K
  class space    used 1110K, committed 1216K, reserved 1048576K
}
Event: 1665.987 GC heap before
{Heap before GC invocations=170 (full 57):
 garbage-first heap   total 89088K, used 47079K [0x0000000086200000, 0x0000000100000000)
  region size 1024K, 10 young (10240K), 0 survivors (0K)
 Metaspace       used 11881K, committed 12096K, reserved 1064960K
  class space    used 1122K, committed 1216K, reserved 1048576K
}
Event: 1665.988 GC heap after
{Heap after GC invocations=171 (full 57):
 garbage-first heap   total 89088K, used 40183K [0x0000000086200000, 0x0000000100000000)
  region size 1024K, 2 young (2048K), 2 survivors (2048K)
 Metaspace       used 11881K, committed 12096K, reserved 1064960K
  class space    used 1122K, committed 1216K, reserved 1048576K
}
Event: 1666.001 GC heap before
{Heap before GC invocations=172 (full 57):
 garbage-first heap   total 89088K, used 41207K [0x0000000086200000, 0x0000000100000000)
  region size 1024K, 3 young (3072K), 2 survivors (2048K)
 Metaspace       used 11896K, committed 12096K, reserved 1064960K
  class space    used 1123K, committed 1216K, reserved 1048576K
}
Event: 1666.002 GC heap after
{Heap after GC invocations=173 (full 57):
 garbage-first heap   total 89088K, used 35057K [0x0000000086200000, 0x0000000100000000)
  region size 1024K, 2 young (2048K), 2 survivors (2048K)
 Metaspace       used 11896K, committed 12096K, reserved 1064960K
  class space    used 1123K, committed 1216K, reserved 1048576K
}

