# JRE version: OpenJDK Runtime Environment Temurin-17.0.4.1+1 (17.0.4.1+1) (build 17.0.4.1+1)
# Java VM: OpenJDK 64-Bit Server VM Temurin-17.0.4.1+1 (17.0.4.1+1, mixed mode, sharing, tiered, compressed oops, compressed class ptrs, g1 gc, windows-amd64)
GC Precious Log:
 CPUs: 12 total, 12 available
 Memory: 7796M
 Large Page Support: Disabled
 NUMA Support: Disabled
 Compressed Oops: Enabled (32-bit)
 Heap Region Size: 1M
 Heap Min Capacity: 8M
 Heap Initial Capacity: 122M
 Heap Max Capacity: 1950M
 Pre-touch: Disabled
 Parallel Workers: 10
 Concurrent Workers: 3
 Concurrent Refinement Workers: 10
 Periodic GC: Disabled
Heap:
 garbage-first heap   total 183296K, used 74601K [0x0000000086200000, 0x0000000100000000)
  region size 1024K, 6 young (6144K), 6 survivors (6144K)
 Metaspace       used 44098K, committed 44544K, reserved 1089536K
  class space    used 6183K, committed 6400K, reserved 1048576K
GC Heap History (20 events):
Event: 3.428 GC heap after
{Heap after GC invocations=14 (full 0):
 garbage-first heap   total 61440K, used 40629K [0x0000000086200000, 0x0000000100000000)
  region size 1024K, 1 young (1024K), 1 survivors (1024K)
 Metaspace       used 36057K, committed 36416K, reserved 1081344K
  class space    used 5231K, committed 5376K, reserved 1048576K
}
Event: 3.440 GC heap before
{Heap before GC invocations=14 (full 0):
 garbage-first heap   total 61440K, used 47797K [0x0000000086200000, 0x0000000100000000)
  region size 1024K, 9 young (9216K), 1 survivors (1024K)
 Metaspace       used 36101K, committed 36416K, reserved 1081344K
  class space    used 5233K, committed 5376K, reserved 1048576K
}
Event: 3.442 GC heap after
{Heap after GC invocations=15 (full 0):
 garbage-first heap   total 120832K, used 40591K [0x0000000086200000, 0x0000000100000000)
  region size 1024K, 1 young (1024K), 1 survivors (1024K)
 Metaspace       used 36101K, committed 36416K, reserved 1081344K
  class space    used 5233K, committed 5376K, reserved 1048576K
}
Event: 3.492 GC heap before
{Heap before GC invocations=16 (full 0):
 garbage-first heap   total 120832K, used 80527K [0x0000000086200000, 0x0000000100000000)
  region size 1024K, 41 young (41984K), 1 survivors (1024K)
 Metaspace       used 36231K, committed 36544K, reserved 1081344K
  class space    used 5239K, committed 5376K, reserved 1048576K
}
Event: 3.493 GC heap after
{Heap after GC invocations=17 (full 0):
 garbage-first heap   total 120832K, used 41765K [0x0000000086200000, 0x0000000100000000)
  region size 1024K, 3 young (3072K), 3 survivors (3072K)
 Metaspace       used 36231K, committed 36544K, reserved 1081344K
  class space    used 5239K, committed 5376K, reserved 1048576K
}
Event: 3.546 GC heap before
{Heap before GC invocations=17 (full 0):
 garbage-first heap   total 120832K, used 88869K [0x0000000086200000, 0x0000000100000000)
  region size 1024K, 50 young (51200K), 3 survivors (3072K)
 Metaspace       used 36368K, committed 36736K, reserved 1081344K
  class space    used 5251K, committed 5440K, reserved 1048576K
}
Event: 3.548 GC heap after
{Heap after GC invocations=18 (full 0):
 garbage-first heap   total 120832K, used 43365K [0x0000000086200000, 0x0000000100000000)
  region size 1024K, 4 young (4096K), 4 survivors (4096K)
 Metaspace       used 36368K, committed 36736K, reserved 1081344K
  class space    used 5251K, committed 5440K, reserved 1048576K
}
Event: 3.606 GC heap before
{Heap before GC invocations=18 (full 0):
 garbage-first heap   total 120832K, used 92517K [0x0000000086200000, 0x0000000100000000)
  region size 1024K, 53 young (54272K), 4 survivors (4096K)
 Metaspace       used 36540K, committed 36864K, reserved 1081344K
  class space    used 5272K, committed 5440K, reserved 1048576K
}
Event: 3.610 GC heap after
{Heap after GC invocations=19 (full 0):
 garbage-first heap   total 120832K, used 45081K [0x0000000086200000, 0x0000000100000000)
  region size 1024K, 6 young (6144K), 6 survivors (6144K)
 Metaspace       used 36540K, committed 36864K, reserved 1081344K
  class space    used 5272K, committed 5440K, reserved 1048576K
}
Event: 3.662 GC heap before
{Heap before GC invocations=19 (full 0):
 garbage-first heap   total 120832K, used 94233K [0x0000000086200000, 0x0000000100000000)
  region size 1024K, 55 young (56320K), 6 survivors (6144K)
 Metaspace       used 36744K, committed 37120K, reserved 1081344K
  class space    used 5299K, committed 5440K, reserved 1048576K
}
Event: 3.665 GC heap after
{Heap after GC invocations=20 (full 0):
 garbage-first heap   total 120832K, used 46660K [0x0000000086200000, 0x0000000100000000)
  region size 1024K, 5 young (5120K), 5 survivors (5120K)
 Metaspace       used 36744K, committed 37120K, reserved 1081344K
  class space    used 5299K, committed 5440K, reserved 1048576K
}
Event: 3.708 GC heap before
{Heap before GC invocations=20 (full 0):
 garbage-first heap   total 120832K, used 95812K [0x0000000086200000, 0x0000000100000000)
  region size 1024K, 54 young (55296K), 5 survivors (5120K)
 Metaspace       used 37304K, committed 37632K, reserved 1089536K
  class space    used 5374K, committed 5504K, reserved 1048576K
}
Event: 3.711 GC heap after
{Heap after GC invocations=21 (full 0):
 garbage-first heap   total 183296K, used 48051K [0x0000000086200000, 0x0000000100000000)
  region size 1024K, 5 young (5120K), 5 survivors (5120K)
 Metaspace       used 37304K, committed 37632K, reserved 1089536K
  class space    used 5374K, committed 5504K, reserved 1048576K
}
Event: 3.793 GC heap before
{Heap before GC invocations=21 (full 0):
 garbage-first heap   total 183296K, used 148403K [0x0000000086200000, 0x0000000100000000)
  region size 1024K, 104 young (106496K), 5 survivors (5120K)
 Metaspace       used 38106K, committed 38464K, reserved 1089536K
  class space    used 5469K, committed 5632K, reserved 1048576K
}
Event: 3.797 GC heap after
{Heap after GC invocations=22 (full 0):
 garbage-first heap   total 183296K, used 51303K [0x0000000086200000, 0x0000000100000000)
  region size 1024K, 9 young (9216K), 9 survivors (9216K)
 Metaspace       used 38106K, committed 38464K, reserved 1089536K
  class space    used 5469K, committed 5632K, reserved 1048576K
}
Event: 3.888 GC heap before
{Heap before GC invocations=22 (full 0):
 garbage-first heap   total 183296K, used 147559K [0x0000000086200000, 0x0000000100000000)
  region size 1024K, 104 young (106496K), 9 survivors (9216K)
 Metaspace       used 39797K, committed 40192K, reserved 1089536K
  class space    used 5706K, committed 5888K, reserved 1048576K
}
Event: 3.892 GC heap after
{Heap after GC invocations=23 (full 0):
 garbage-first heap   total 183296K, used 54149K [0x0000000086200000, 0x0000000100000000)
  region size 1024K, 10 young (10240K), 10 survivors (10240K)
 Metaspace       used 39797K, committed 40192K, reserved 1089536K
  class space    used 5706K, committed 5888K, reserved 1048576K
}
Event: 4.174 GC heap before
{Heap before GC invocations=23 (full 0):
 garbage-first heap   total 183296K, used 149381K [0x0000000086200000, 0x0000000100000000)
  region size 1024K, 104 young (106496K), 10 survivors (10240K)
 Metaspace       used 43796K, committed 44160K, reserved 1089536K
  class space    used 6164K, committed 6336K, reserved 1048576K
}
Event: 4.189 GC heap after
{Heap after GC invocations=24 (full 0):
 garbage-first heap   total 183296K, used 67705K [0x0000000086200000, 0x0000000100000000)
  region size 1024K, 13 young (13312K), 13 survivors (13312K)
 Metaspace       used 43796K, committed 44160K, reserved 1089536K
  class space    used 6164K, committed 6336K, reserved 1048576K
}
Event: 4.229 GC heap before
{Heap before GC invocations=24 (full 0):
 garbage-first heap   total 183296K, used 142457K [0x0000000086200000, 0x0000000100000000)
  region size 1024K, 87 young (89088K), 13 survivors (13312K)
 Metaspace       used 44098K, committed 44544K, reserved 1089536K
  class space    used 6183K, committed 6400K, reserved 1048576K
}

