# JRE version: OpenJDK Runtime Environment Temurin-17.0.4.1+1 (17.0.4.1+1) (build 17.0.4.1+1)
# Java VM: OpenJDK 64-Bit Server VM Temurin-17.0.4.1+1 (17.0.4.1+1, mixed mode, sharing, tiered, compressed oops, compressed class ptrs, g1 gc, windows-amd64)
GC Precious Log:
 CPUs: 12 total, 12 available
 Memory: 7796M
 Large Page Support: Disabled
 NUMA Support: Disabled
 Compressed Oops: Enabled (32-bit)
 Heap Region Size: 1M
 Heap Min Capacity: 8M
 Heap Initial Capacity: 122M
 Heap Max Capacity: 1950M
 Pre-touch: Disabled
 Parallel Workers: 10
 Concurrent Workers: 3
 Concurrent Refinement Workers: 10
 Periodic GC: Disabled
Heap:
 garbage-first heap   total 192512K, used 68884K [0x0000000086200000, 0x0000000100000000)
  region size 1024K, 5 young (5120K), 5 survivors (5120K)
 Metaspace       used 34936K, committed 35264K, reserved 1081344K
  class space    used 5013K, committed 5184K, reserved 1048576K
GC Heap History (20 events):
Event: 2.259 GC heap after
{Heap after GC invocations=14 (full 0):
 garbage-first heap   total 61440K, used 34868K [0x0000000086200000, 0x0000000100000000)
  region size 1024K, 2 young (2048K), 2 survivors (2048K)
 Metaspace       used 33592K, committed 33920K, reserved 1081344K
  class space    used 4870K, committed 5056K, reserved 1048576K
}
Event: 2.275 GC heap before
{Heap before GC invocations=14 (full 0):
 garbage-first heap   total 61440K, used 47156K [0x0000000086200000, 0x0000000100000000)
  region size 1024K, 15 young (15360K), 2 survivors (2048K)
 Metaspace       used 33603K, committed 33920K, reserved 1081344K
  class space    used 4870K, committed 5056K, reserved 1048576K
}
Event: 2.276 GC heap after
{Heap after GC invocations=15 (full 0):
 garbage-first heap   total 122880K, used 35271K [0x0000000086200000, 0x0000000100000000)
  region size 1024K, 2 young (2048K), 2 survivors (2048K)
 Metaspace       used 33603K, committed 33920K, reserved 1081344K
  class space    used 4870K, committed 5056K, reserved 1048576K
}
Event: 2.339 GC heap before
{Heap before GC invocations=16 (full 0):
 garbage-first heap   total 122880K, used 85447K [0x0000000086200000, 0x0000000100000000)
  region size 1024K, 52 young (53248K), 2 survivors (2048K)
 Metaspace       used 33678K, committed 33984K, reserved 1081344K
  class space    used 4877K, committed 5056K, reserved 1048576K
}
Event: 2.341 GC heap after
{Heap after GC invocations=17 (full 0):
 garbage-first heap   total 122880K, used 36802K [0x0000000086200000, 0x0000000100000000)
  region size 1024K, 3 young (3072K), 3 survivors (3072K)
 Metaspace       used 33678K, committed 33984K, reserved 1081344K
  class space    used 4877K, committed 5056K, reserved 1048576K
}
Event: 2.391 GC heap before
{Heap before GC invocations=17 (full 0):
 garbage-first heap   total 122880K, used 94146K [0x0000000086200000, 0x0000000100000000)
  region size 1024K, 60 young (61440K), 3 survivors (3072K)
 Metaspace       used 33679K, committed 33984K, reserved 1081344K
  class space    used 4877K, committed 5056K, reserved 1048576K
}
Event: 2.393 GC heap after
{Heap after GC invocations=18 (full 0):
 garbage-first heap   total 122880K, used 38635K [0x0000000086200000, 0x0000000100000000)
  region size 1024K, 5 young (5120K), 5 survivors (5120K)
 Metaspace       used 33679K, committed 33984K, reserved 1081344K
  class space    used 4877K, committed 5056K, reserved 1048576K
}
Event: 2.435 GC heap before
{Heap before GC invocations=18 (full 0):
 garbage-first heap   total 122880K, used 95979K [0x0000000086200000, 0x0000000100000000)
  region size 1024K, 62 young (63488K), 5 survivors (5120K)
 Metaspace       used 33679K, committed 33984K, reserved 1081344K
  class space    used 4877K, committed 5056K, reserved 1048576K
}
Event: 2.438 GC heap after
{Heap after GC invocations=19 (full 0):
 garbage-first heap   total 122880K, used 40345K [0x0000000086200000, 0x0000000100000000)
  region size 1024K, 6 young (6144K), 6 survivors (6144K)
 Metaspace       used 33679K, committed 33984K, reserved 1081344K
  class space    used 4877K, committed 5056K, reserved 1048576K
}
Event: 2.490 GC heap before
{Heap before GC invocations=19 (full 0):
 garbage-first heap   total 122880K, used 98713K [0x0000000086200000, 0x0000000100000000)
  region size 1024K, 64 young (65536K), 6 survivors (6144K)
 Metaspace       used 33803K, committed 34176K, reserved 1081344K
  class space    used 4891K, committed 5056K, reserved 1048576K
}
Event: 2.493 GC heap after
{Heap after GC invocations=20 (full 0):
 garbage-first heap   total 122880K, used 42129K [0x0000000086200000, 0x0000000100000000)
  region size 1024K, 6 young (6144K), 6 survivors (6144K)
 Metaspace       used 33803K, committed 34176K, reserved 1081344K
  class space    used 4891K, committed 5056K, reserved 1048576K
}
Event: 2.545 GC heap before
{Heap before GC invocations=20 (full 0):
 garbage-first heap   total 122880K, used 99473K [0x0000000086200000, 0x0000000100000000)
  region size 1024K, 63 young (64512K), 6 survivors (6144K)
 Metaspace       used 33873K, committed 34240K, reserved 1081344K
  class space    used 4903K, committed 5120K, reserved 1048576K
}
Event: 2.548 GC heap after
{Heap after GC invocations=21 (full 0):
 garbage-first heap   total 192512K, used 44365K [0x0000000086200000, 0x0000000100000000)
  region size 1024K, 6 young (6144K), 6 survivors (6144K)
 Metaspace       used 33873K, committed 34240K, reserved 1081344K
  class space    used 4903K, committed 5120K, reserved 1048576K
}
Event: 2.667 GC heap before
{Heap before GC invocations=21 (full 0):
 garbage-first heap   total 192512K, used 151885K [0x0000000086200000, 0x0000000100000000)
  region size 1024K, 112 young (114688K), 6 survivors (6144K)
 Metaspace       used 34140K, committed 34496K, reserved 1081344K
  class space    used 4947K, committed 5120K, reserved 1048576K
}
Event: 2.671 GC heap after
{Heap after GC invocations=22 (full 0):
 garbage-first heap   total 192512K, used 47397K [0x0000000086200000, 0x0000000100000000)
  region size 1024K, 9 young (9216K), 9 survivors (9216K)
 Metaspace       used 34140K, committed 34496K, reserved 1081344K
  class space    used 4947K, committed 5120K, reserved 1048576K
}
Event: 3.009 GC heap before
{Heap before GC invocations=22 (full 0):
 garbage-first heap   total 192512K, used 151845K [0x0000000086200000, 0x0000000100000000)
  region size 1024K, 112 young (114688K), 9 survivors (9216K)
 Metaspace       used 34898K, committed 35264K, reserved 1081344K
  class space    used 5013K, committed 5184K, reserved 1048576K
}
Event: 3.025 GC heap after
{Heap after GC invocations=23 (full 0):
 garbage-first heap   total 192512K, used 63296K [0x0000000086200000, 0x0000000100000000)
  region size 1024K, 14 young (14336K), 14 survivors (14336K)
 Metaspace       used 34898K, committed 35264K, reserved 1081344K
  class space    used 5013K, committed 5184K, reserved 1048576K
}
Event: 3.076 GC heap before
{Heap before GC invocations=23 (full 0):
 garbage-first heap   total 192512K, used 146240K [0x0000000086200000, 0x0000000100000000)
  region size 1024K, 96 young (98304K), 14 survivors (14336K)
 Metaspace       used 34919K, committed 35264K, reserved 1081344K
  class space    used 5013K, committed 5184K, reserved 1048576K
}
Event: 3.085 GC heap after
{Heap after GC invocations=24 (full 0):
 garbage-first heap   total 192512K, used 67909K [0x0000000086200000, 0x0000000100000000)
  region size 1024K, 4 young (4096K), 4 survivors (4096K)
 Metaspace       used 34919K, committed 35264K, reserved 1081344K
  class space    used 5013K, committed 5184K, reserved 1048576K
}
Event: 3.128 GC heap before
{Heap before GC invocations=24 (full 0):
 garbage-first heap   total 192512K, used 150853K [0x0000000086200000, 0x0000000100000000)
  region size 1024K, 86 young (88064K), 4 survivors (4096K)
 Metaspace       used 34936K, committed 35264K, reserved 1081344K
  class space    used 5013K, committed 5184K, reserved 1048576K
}

